<?xml version="1.0" encoding="UTF-8"?>
<testng-results ignored="0" total="1" passed="1" failed="0" skipped="0">
  <reporter-output>
  </reporter-output>
  <suite started-at="2023-12-06T15:42:58 IST" name="Default suite" finished-at="2023-12-06T15:43:32 IST" duration-ms="34206">
    <groups>
    </groups>
    <test started-at="2023-12-06T15:42:58 IST" name="Default test" finished-at="2023-12-06T15:43:32 IST" duration-ms="34206">
      <class name="PracticeHere.WebdriverCommands">
        <test-method is-config="true" signature="startBrowser()[pri:0, instance:PracticeHere.WebdriverCommands@5c33f1a9]" started-at="2023-12-06T15:42:58 IST" name="startBrowser" finished-at="2023-12-06T15:43:00 IST" duration-ms="2205" status="PASS">
          <reporter-output>
          </reporter-output>
        </test-method> <!-- startBrowser -->
        <test-method signature="Tc001()[pri:0, instance:PracticeHere.WebdriverCommands@5c33f1a9]" started-at="2023-12-06T15:43:00 IST" name="Tc001" finished-at="2023-12-06T15:43:32 IST" duration-ms="31951" status="PASS">
          <reporter-output>
          </reporter-output>
        </test-method> <!-- Tc001 -->
      </class> <!-- PracticeHere.WebdriverCommands -->
    </test> <!-- Default test -->
  </suite> <!-- Default suite -->
</testng-results>
