<?xml version="1.0" encoding="UTF-8"?>
<testng-results ignored="0" total="1" passed="1" failed="0" skipped="0">
  <reporter-output>
  </reporter-output>
  <suite started-at="2023-12-05T14:53:07 IST" name="Default suite" finished-at="2023-12-05T14:53:11 IST" duration-ms="4453">
    <groups>
    </groups>
    <test started-at="2023-12-05T14:53:07 IST" name="Default test" finished-at="2023-12-05T14:53:11 IST" duration-ms="4453">
      <class name="MouseandKeyOperations.MouseandKey">
        <test-method signature="test1()[pri:0, instance:MouseandKeyOperations.MouseandKey@1d2adfbe]" started-at="2023-12-05T14:53:07 IST" name="test1" finished-at="2023-12-05T14:53:11 IST" duration-ms="4414" status="PASS">
          <reporter-output>
          </reporter-output>
        </test-method> <!-- test1 -->
      </class> <!-- MouseandKeyOperations.MouseandKey -->
    </test> <!-- Default test -->
  </suite> <!-- Default suite -->
</testng-results>
